[    0.000000] Initializing cgroup subsys cpuset
[    0.000000] Initializing cgroup subsys cpu
[    0.000000] Initializing cgroup subsys cpuacct
[    0.000000] Linux version 4.4.0-210-generic (buildd@lgw01-amd64-009) (gcc version 5.4.0 20160609 (Ubuntu 5.4.0-6ubuntu1~16.04.12) ) #242-Ubuntu SMP Fri Apr 16 09:57:56 UTC 2021 (Ubuntu 4.4.0-210.242-generic 4.4.262)
[    0.000000] Command line: BOOT_IMAGE=/boot/vmlinuz-4.4.0-210-generic root=LABEL=cloudimg-rootfs ro console=tty1 console=ttyS0
[    0.000000] KERNEL supported cpus:
[    0.000000]   Intel GenuineIntel
[    0.000000]   AMD AuthenticAMD
[    0.000000]   Centaur CentaurHauls
[    0.000000] x86/fpu: xstate_offset[2]:  576, xstate_sizes[2]:  256
[    0.000000] x86/fpu: Supporting XSAVE feature 0x01: 'x87 floating point registers'
[    0.000000] x86/fpu: Supporting XSAVE feature 0x02: 'SSE registers'
[    0.000000] x86/fpu: Supporting XSAVE feature 0x04: 'AVX registers'
[    0.000000] x86/fpu: Enabled xstate features 0x7, context size is 832 bytes, using 'standard' format.
[    0.000000] e820: BIOS-provided physical RAM map:
[    0.000000] BIOS-e820: [mem 0x0000000000000000-0x000000000009fbff] usable
[    0.000000] BIOS-e820: [mem 0x000000000009fc00-0x000000000009ffff] reserved
[    0.000000] BIOS-e820: [mem 0x00000000000f0000-0x00000000000fffff] reserved
[    0.000000] BIOS-e820: [mem 0x0000000000100000-0x00000000dffeffff] usable
[    0.000000] BIOS-e820: [mem 0x00000000dfff0000-0x00000000dfffffff] ACPI data
[    0.000000] BIOS-e820: [mem 0x00000000fec00000-0x00000000fec00fff] reserved
[    0.000000] BIOS-e820: [mem 0x00000000fee00000-0x00000000fee00fff] reserved
[    0.000000] BIOS-e820: [mem 0x00000000fffc0000-0x00000000ffffffff] reserved
[    0.000000] BIOS-e820: [mem 0x0000000100000000-0x000000021fffffff] usable
[    0.000000] NX (Execute Disable) protection: active
[    0.000000] SMBIOS 2.5 present.
[    0.000000] Hypervisor detected: KVM
[    0.000000] e820: last_pfn = 0x220000 max_arch_pfn = 0x400000000
[    0.000000] MTRR: Disabled
[    0.000000] x86/PAT: MTRRs disabled, skipping PAT initialization too.
[    0.000000] CPU MTRRs all blank - virtualized system.
[    0.000000] x86/PAT: Configuration [0-7]: WB  WT  UC- UC  WB  WT  UC- UC  
[    0.000000] e820: last_pfn = 0xdfff0 max_arch_pfn = 0x400000000
[    0.000000] found SMP MP-table at [mem 0x0009fff0-0x0009ffff] mapped at [ffff88000009fff0]
[    0.000000] Scanning 1 areas for low memory corruption
[    0.000000] RAMDISK: [mem 0x362dc000-0x37165fff]
[    0.000000] ACPI: Early table checksum verification disabled
[    0.000000] ACPI: RSDP 0x00000000000E0000 000024 (v02 VBOX  )
[    0.000000] ACPI: XSDT 0x00000000DFFF0030 00003C (v01 VBOX   VBOXXSDT 00000001 ASL  00000061)
[    0.000000] ACPI: FACP 0x00000000DFFF00F0 0000F4 (v04 VBOX   VBOXFACP 00000001 ASL  00000061)
[    0.000000] ACPI: DSDT 0x00000000DFFF0480 002325 (v02 VBOX   VBOXBIOS 00000002 INTL 20120111)
[    0.000000] ACPI: FACS 0x00000000DFFF0200 000040
[    0.000000] ACPI: FACS 0x00000000DFFF0200 000040
[    0.000000] ACPI: APIC 0x00000000DFFF0240 00006C (v02 VBOX   VBOXAPIC 00000001 ASL  00000061)
[    0.000000] ACPI: SSDT 0x00000000DFFF02B0 0001CC (v01 VBOX   VBOXCPUT 00000002 INTL 20120111)
[    0.000000] No NUMA configuration found
[    0.000000] Faking a node at [mem 0x0000000000000000-0x000000021fffffff]
[    0.000000] NODE_DATA(0) allocated [mem 0x21fff5000-0x21fff9fff]
[    0.000000] kvm-clock: Using msrs 4b564d01 and 4b564d00
[    0.000000] kvm-clock: cpu 0, msr 2:1ffed001, primary cpu clock
[    0.000000] kvm-clock: using sched offset of 3857876463 cycles
[    0.000000] clocksource: kvm-clock: mask: 0xffffffffffffffff max_cycles: 0x1cd42e4dffb, max_idle_ns: 881590591483 ns
[    0.000000] Zone ranges:
[    0.000000]   DMA      [mem 0x0000000000001000-0x0000000000ffffff]
[    0.000000]   DMA32    [mem 0x0000000001000000-0x00000000ffffffff]
[    0.000000]   Normal   [mem 0x0000000100000000-0x000000021fffffff]
[    0.000000]   Device   empty
[    0.000000] Movable zone start for each node
[    0.000000] Early memory node ranges
[    0.000000]   node   0: [mem 0x0000000000001000-0x000000000009efff]
[    0.000000]   node   0: [mem 0x0000000000100000-0x00000000dffeffff]
[    0.000000]   node   0: [mem 0x0000000100000000-0x000000021fffffff]
[    0.000000] Initmem setup node 0 [mem 0x0000000000001000-0x000000021fffffff]
[    0.000000] ACPI: PM-Timer IO Port: 0x4008
[    0.000000] IOAPIC[0]: apic_id 4, version 32, address 0xfec00000, GSI 0-23
[    0.000000] ACPI: INT_SRC_OVR (bus 0 bus_irq 0 global_irq 2 dfl dfl)
[    0.000000] ACPI: INT_SRC_OVR (bus 0 bus_irq 9 global_irq 9 low level)
[    0.000000] Using ACPI (MADT) for SMP configuration information
[    0.000000] smpboot: Allowing 4 CPUs, 0 hotplug CPUs
[    0.000000] PM: Registered nosave memory: [mem 0x00000000-0x00000fff]
[    0.000000] PM: Registered nosave memory: [mem 0x0009f000-0x0009ffff]
[    0.000000] PM: Registered nosave memory: [mem 0x000a0000-0x000effff]
[    0.000000] PM: Registered nosave memory: [mem 0x000f0000-0x000fffff]
[    0.000000] PM: Registered nosave memory: [mem 0xdfff0000-0xdfffffff]
[    0.000000] PM: Registered nosave memory: [mem 0xe0000000-0xfebfffff]
[    0.000000] PM: Registered nosave memory: [mem 0xfec00000-0xfec00fff]
[    0.000000] PM: Registered nosave memory: [mem 0xfec01000-0xfedfffff]
[    0.000000] PM: Registered nosave memory: [mem 0xfee00000-0xfee00fff]
[    0.000000] PM: Registered nosave memory: [mem 0xfee01000-0xfffbffff]
[    0.000000] PM: Registered nosave memory: [mem 0xfffc0000-0xffffffff]
[    0.000000] e820: [mem 0xe0000000-0xfebfffff] available for PCI devices
[    0.000000] Booting paravirtualized kernel on KVM
[    0.000000] clocksource: refined-jiffies: mask: 0xffffffff max_cycles: 0xffffffff, max_idle_ns: 7645519600211568 ns
[    0.000000] setup_percpu: NR_CPUS:512 nr_cpumask_bits:512 nr_cpu_ids:4 nr_node_ids:1
[    0.000000] PERCPU: Embedded 33 pages/cpu @ffff88021fc00000 s95192 r8192 d31784 u524288
[    0.000000] Built 1 zonelists in Node order, mobility grouping on.  Total pages: 2064248
[    0.000000] Policy zone: Normal
[    0.000000] Kernel command line: BOOT_IMAGE=/boot/vmlinuz-4.4.0-210-generic root=LABEL=cloudimg-rootfs ro console=tty1 console=ttyS0
[    0.000000] PID hash table entries: 4096 (order: 3, 32768 bytes)
[    0.000000] Memory: 8156800K/8388152K available (8644K kernel code, 1332K rwdata, 4044K rodata, 1492K init, 1164K bss, 231352K reserved, 0K cma-reserved)
[    0.000000] SLUB: HWalign=64, Order=0-3, MinObjects=0, CPUs=4, Nodes=1
[    0.000000] Kernel/User page tables isolation: enabled
[    0.000000] Hierarchical RCU implementation.
[    0.000000] 	Build-time adjustment of leaf fanout to 64.
[    0.000000] 	RCU restricting CPUs from NR_CPUS=512 to nr_cpu_ids=4.
[    0.000000] RCU: Adjusting geometry for rcu_fanout_leaf=64, nr_cpu_ids=4
[    0.000000] NR_IRQS:33024 nr_irqs:456 16
[    0.000000] Console: colour VGA+ 80x25
[    0.000000] console [tty1] enabled
[    0.000000] console [ttyS0] enabled
[    0.000000] tsc: Detected 2700.000 MHz processor
[    0.441028] Calibrating delay loop (skipped) preset value.. 5400.00 BogoMIPS (lpj=10800000)
[    0.443412] pid_max: default: 32768 minimum: 301
[    0.444762] ACPI: Core revision 20150930
[    0.446831] ACPI: 2 ACPI AML tables successfully acquired and loaded
[    0.448770] Security Framework initialized
[    0.449949] Yama: becoming mindful.
[    0.450992] AppArmor: AppArmor initialized
[    0.454199] Dentry cache hash table entries: 1048576 (order: 11, 8388608 bytes)
[    0.465030] Inode-cache hash table entries: 524288 (order: 10, 4194304 bytes)
[    0.469393] Mount-cache hash table entries: 16384 (order: 5, 131072 bytes)
[    0.471953] Mountpoint-cache hash table entries: 16384 (order: 5, 131072 bytes)
[    0.476508] Initializing cgroup subsys io
[    0.478191] Initializing cgroup subsys memory
[    0.480266] Initializing cgroup subsys devices
[    0.481547] Initializing cgroup subsys freezer
[    0.482800] Initializing cgroup subsys net_cls
[    0.484103] Initializing cgroup subsys perf_event
[    0.485417] Initializing cgroup subsys net_prio
[    0.486691] Initializing cgroup subsys hugetlb
[    0.487978] Initializing cgroup subsys pids
[    0.490161] mce: CPU supports 0 MCE banks
[    0.491347] Last level iTLB entries: 4KB 64, 2MB 8, 4MB 8
[    0.492862] Last level dTLB entries: 4KB 64, 2MB 0, 4MB 0, 1GB 4
[    0.494475] Spectre V1 : Mitigation: usercopy/swapgs barriers and __user pointer sanitization
[    0.497291] Spectre V2 : Mitigation: Full generic retpoline
[    0.498940] Spectre V2 : Spectre v2 / SpectreRSB mitigation: Filling RSB on context switch
[    0.501314] Speculative Store Bypass: Vulnerable
[    0.502615] SRBDS: Unknown: Dependent on hypervisor status
[    0.504232] MDS: Mitigation: Clear CPU buffers
[    0.508360] Freeing SMP alternatives memory: 36K
[    0.516346] ftrace: allocating 32380 entries in 127 pages
[    0.574995] smpboot: APIC(0) Converting physical 0 to logical package 0
[    0.578523] smpboot: Max logical packages: 1
[    0.580471] x2apic enabled
[    0.581556] Switched APIC routing to physical x2apic.
[    0.584032] ..TIMER: vector=0x30 apic1=0 pin1=2 apic2=-1 pin2=-1
[    0.693789] smpboot: CPU0: Intel(R) Core(TM) i5-5257U CPU @ 2.70GHz (family: 0x6, model: 0x3d, stepping: 0x4)
[    0.697261] Performance Events: unsupported p6 CPU model 61 no PMU driver, software events only.
[    0.712172] KVM setup paravirtual spinlock
[    0.716072] x86: Booting SMP configuration:
[    0.721901] .... node  #0, CPUs:      #1
[    0.724292] kvm-clock: cpu 1, msr 2:1ffed041, secondary cpu clock
[    0.728764] mce: CPU supports 0 MCE banks
[    0.733297]  #2
[    0.734203] kvm-clock: cpu 2, msr 2:1ffed081, secondary cpu clock
[    0.739483] mce: CPU supports 0 MCE banks
[    0.742887]  #3
[    0.743867] kvm-clock: cpu 3, msr 2:1ffed0c1, secondary cpu clock
[    0.747756] mce: CPU supports 0 MCE banks
[    0.751076] x86: Booted up 1 node, 4 CPUs
[    0.753033] smpboot: Total of 4 processors activated (21600.00 BogoMIPS)
[    0.757649] devtmpfs: initialized
[    0.760907] evm: security.selinux
[    0.763545] evm: security.SMACK64
[    0.765765] evm: security.SMACK64EXEC
[    0.767096] evm: security.SMACK64TRANSMUTE
[    0.769016] evm: security.SMACK64MMAP
[    0.771037] evm: security.ima
[    0.772409] evm: security.capability
[    0.773718] clocksource: jiffies: mask: 0xffffffff max_cycles: 0xffffffff, max_idle_ns: 7645041785100000 ns
[    0.777132] futex hash table entries: 1024 (order: 4, 65536 bytes)
[    0.779530] pinctrl core: initialized pinctrl subsystem
[    0.781087] RTC time: 13:20:21, date: 10/11/21
[    0.782781] NET: Registered protocol family 16
[    0.794873] cpuidle: using governor ladder
[    0.807546] cpuidle: using governor menu
[    0.810282] PCCT header not found.
[    0.812873] ACPI: bus type PCI registered
[    0.814764] acpiphp: ACPI Hot Plug PCI Controller Driver version: 0.5
[    0.818452] PCI: Using configuration type 1 for base access
[    0.836825] ACPI: Added _OSI(Module Device)
[    0.840089] ACPI: Added _OSI(Processor Device)
[    0.842756] ACPI: Added _OSI(3.0 _SCP Extensions)
[    0.845717] ACPI: Added _OSI(Processor Aggregator Device)
[    0.851928] ACPI: Executed 1 blocks of module-level executable AML code
[    0.861528] ACPI: Interpreter enabled
[    0.864039] ACPI: (supports S0 S5)
[    0.866556] ACPI: Using IOAPIC for interrupt routing
[    0.870294] PCI: Using host bridge windows from ACPI; if necessary, use "pci=nocrs" and report a bug
[    0.887635] ACPI: PCI Root Bridge [PCI0] (domain 0000 [bus 00-ff])
[    0.893458] acpi PNP0A03:00: _OSC: OS supports [ASPM ClockPM Segments MSI]
[    0.900035] acpi PNP0A03:00: _OSC: not requesting OS control; OS requires [ExtendedConfig ASPM ClockPM MSI]
[    0.909086] acpi PNP0A03:00: fail to add MMCONFIG information, can't access extended PCI configuration space under this bridge.
[    0.923563] PCI host bridge to bus 0000:00
[    0.925044] pci_bus 0000:00: root bus resource [io  0x0000-0x0cf7 window]
[    0.927241] pci_bus 0000:00: root bus resource [io  0x0d00-0xffff window]
[    0.929441] pci_bus 0000:00: root bus resource [mem 0x000a0000-0x000bffff window]
[    0.931766] pci_bus 0000:00: root bus resource [mem 0xe0000000-0xfdffffff window]
[    0.934310] pci_bus 0000:00: root bus resource [bus 00-ff]
[    0.939038] pci 0000:00:01.1: legacy IDE quirk: reg 0x10: [io  0x01f0-0x01f7]
[    0.941544] pci 0000:00:01.1: legacy IDE quirk: reg 0x14: [io  0x03f6]
[    0.943322] pci 0000:00:01.1: legacy IDE quirk: reg 0x18: [io  0x0170-0x0177]
[    0.945365] pci 0000:00:01.1: legacy IDE quirk: reg 0x1c: [io  0x0376]
[    1.067212] pci 0000:00:07.0: quirk: [io  0x4000-0x403f] claimed by PIIX4 ACPI
[    1.070597] pci 0000:00:07.0: quirk: [io  0x4100-0x410f] claimed by PIIX4 SMB
[    1.159959] ACPI: PCI Interrupt Link [LNKA] (IRQs 5 9 10 *11)
[    1.163000] ACPI: PCI Interrupt Link [LNKB] (IRQs 5 9 *10 11)
[    1.166559] ACPI: PCI Interrupt Link [LNKC] (IRQs 5 *9 10 11)
[    1.168993] ACPI: PCI Interrupt Link [LNKD] (IRQs 5 9 10 *11)
[    1.171900] ACPI: Enabled 2 GPEs in block 00 to 07
[    1.174083] vgaarb: setting as boot device: PCI:0000:00:02.0
[    1.176077] vgaarb: device added: PCI:0000:00:02.0,decodes=io+mem,owns=io+mem,locks=none
[    1.179875] vgaarb: loaded
[    1.181075] vgaarb: bridge control possible 0000:00:02.0
[    1.183013] SCSI subsystem initialized
[    1.184462] ACPI: bus type USB registered
[    1.185913] usbcore: registered new interface driver usbfs
[    1.188555] usbcore: registered new interface driver hub
[    1.190366] usbcore: registered new device driver usb
[    1.192626] PCI: Using ACPI for IRQ routing
[    1.194844] NetLabel: Initializing
[    1.196535] NetLabel:  domain hash size = 128
[    1.197900] NetLabel:  protocols = UNLABELED CIPSOv4
[    1.199723] NetLabel:  unlabeled traffic allowed by default
[    1.201656] amd_nb: Cannot enumerate AMD northbridges
[    1.204488] clocksource: Switched to clocksource kvm-clock
[    1.216964] AppArmor: AppArmor Filesystem Enabled
[    1.219127] pnp: PnP ACPI init
[    1.223489] pnp: PnP ACPI: found 3 devices
[    1.233073] clocksource: acpi_pm: mask: 0xffffff max_cycles: 0xffffff, max_idle_ns: 2085701024 ns
[    1.238432] NET: Registered protocol family 2
[    1.243664] TCP established hash table entries: 65536 (order: 7, 524288 bytes)
[    1.247005] TCP bind hash table entries: 65536 (order: 8, 1048576 bytes)
[    1.248880] TCP: Hash tables configured (established 65536 bind 65536)
[    1.252170] UDP hash table entries: 4096 (order: 5, 131072 bytes)
[    1.254885] UDP-Lite hash table entries: 4096 (order: 5, 131072 bytes)
[    1.259480] NET: Registered protocol family 1
[    1.261225] pci 0000:00:00.0: Limiting direct PCI/PCI transfers
[    1.263021] pci 0000:00:01.0: Activating ISA DMA hang workarounds
[    1.264928] Unpacking initramfs...
[    1.516803] Freeing initrd memory: 14888K
[    1.518442] PCI-DMA: Using software bounce buffering for IO (SWIOTLB)
[    1.521634] software IO TLB: mapped [mem 0xdbff0000-0xdfff0000] (64MB)
[    1.523643] RAPL PMU detected, API unit is 2^-32 Joules, 4 fixed counters 10737418240 ms ovfl timer
[    1.526253] hw unit of domain pp0-core 2^-0 Joules
[    1.528489] hw unit of domain package 2^-0 Joules
[    1.529881] hw unit of domain dram 2^-0 Joules
[    1.531150] hw unit of domain pp1-gpu 2^-0 Joules
[    1.532476] clocksource: tsc: mask: 0xffffffffffffffff max_cycles: 0x26eb3e3cc63, max_idle_ns: 440795236593 ns
[    1.536775] platform rtc_cmos: registered platform RTC device (no PNP device found)
[    1.539002] Scanning for low memory corruption every 60 seconds
[    1.541182] audit: initializing netlink subsys (disabled)
[    1.544198] audit: type=2000 audit(1633958427.455:1): initialized
[    1.546941] Initialise system trusted keyring
[    1.548645] HugeTLB registered 2 MB page size, pre-allocated 0 pages
[    1.552883] zbud: loaded
[    1.554264] VFS: Disk quotas dquot_6.6.0
[    1.555474] VFS: Dquot-cache hash table entries: 512 (order 0, 4096 bytes)
[    1.557734] squashfs: version 4.0 (2009/01/31) Phillip Lougher
[    1.560866] fuse init (API version 7.23)
[    1.562158] Key type big_key registered
[    1.563342] Allocating IMA MOK and blacklist keyrings.
[    1.566973] Key type asymmetric registered
[    1.568467] Asymmetric key parser 'x509' registered
[    1.570061] Block layer SCSI generic (bsg) driver version 0.4 loaded (major 249)
[    1.572305] io scheduler noop registered
[    1.574606] io scheduler deadline registered (default)
[    1.576529] io scheduler cfq registered
[    1.577919] pci_hotplug: PCI Hot Plug PCI Core version: 0.5
[    1.580058] pciehp: PCI Express Hot Plug Controller Driver version: 0.4
[    1.584742] ACPI: AC Adapter [AC] (off-line)
[    1.586322] input: Power Button as /devices/LNXSYSTM:00/LNXPWRBN:00/input/input0
[    1.588500] ACPI: Power Button [PWRF]
[    1.591098] input: Sleep Button as /devices/LNXSYSTM:00/LNXSLPBN:00/input/input1
[    1.594231] ACPI: Sleep Button [SLPF]
[    1.595890] GHES: HEST is not enabled!
[    1.599893] ACPI: Battery Slot [BAT0] (battery present)
[    1.602114] Serial: 8250/16550 driver, 32 ports, IRQ sharing enabled
[    1.625413] 00:02: ttyS0 at I/O 0x3f8 (irq = 4, base_baud = 115200) is a 16550A
[    1.629496] Linux agpgart interface v0.103
[    1.634421] loop: module loaded
[    1.637087] scsi host0: ata_piix
[    1.639090] scsi host1: ata_piix
[    1.640176] ata1: PATA max UDMA/33 cmd 0x1f0 ctl 0x3f6 bmdma 0xd000 irq 14
[    1.642277] ata2: PATA max UDMA/33 cmd 0x170 ctl 0x376 bmdma 0xd008 irq 15
[    1.644245] libphy: Fixed MDIO Bus: probed
[    1.646897] tun: Universal TUN/TAP device driver, 1.6
[    1.649061] tun: (C) 1999-2004 Max Krasnyansky <maxk@qualcomm.com>
[    1.651215] PPP generic driver version 2.4.2
[    1.653203] ehci_hcd: USB 2.0 'Enhanced' Host Controller (EHCI) Driver
[    1.655603] ehci-pci: EHCI PCI platform driver
[    1.656938] ehci-platform: EHCI generic platform driver
[    1.658389] ohci_hcd: USB 1.1 'Open' Host Controller (OHCI) Driver
[    1.660532] ohci-pci: OHCI PCI platform driver
[    1.662319] ohci-platform: OHCI generic platform driver
[    1.664302] uhci_hcd: USB Universal Host Controller Interface driver
[    1.666377] i8042: PNP: PS/2 Controller [PNP0303:PS2K,PNP0f03:PS2M] at 0x60,0x64 irq 1,12
[    1.670079] serio: i8042 KBD port at 0x60,0x64 irq 1
[    1.671569] serio: i8042 AUX port at 0x60,0x64 irq 12
[    1.673560] mousedev: PS/2 mouse device common for all mice
[    1.676225] rtc_cmos rtc_cmos: rtc core: registered rtc_cmos as rtc0
[    1.678577] input: AT Translated Set 2 keyboard as /devices/platform/i8042/serio0/input/input2
[    1.681325] rtc_cmos rtc_cmos: alarms up to one day, 114 bytes nvram
[    1.683094] i2c /dev entries driver
[    1.684769] device-mapper: uevent: version 1.0.3
[    1.686232] device-mapper: ioctl: 4.34.0-ioctl (2015-10-28) initialised: dm-devel@redhat.com
[    1.688736] ledtrig-cpu: registered to indicate activity on CPUs
[    1.691075] NET: Registered protocol family 10
[    1.693338] NET: Registered protocol family 17
[    1.694653] Key type dns_resolver registered
[    1.698293] registered taskstats version 1
[    1.700055] Loading compiled-in X.509 certificates
[    1.702422] Loaded X.509 cert 'Build time autogenerated kernel key: cf00e047681d67edb2720680708b7d9498083038'
[    1.705333] zswap: loaded using pool lzo/zbud
[    1.709267] Key type trusted registered
[    1.714459] Key type encrypted registered
[    1.716077] AppArmor: AppArmor sha1 policy hashing enabled
[    1.717937] ima: No TPM chip found, activating TPM-bypass!
[    1.719741] ima: Allocated hash algorithm: sha1
[    1.721145] evm: HMAC attrs: 0x1
[    1.722642]   Magic number: 9:500:331
[    1.724152] tty tty52: hash matches
[    1.725723] rtc_cmos rtc_cmos: setting system clock to 2021-10-11 13:20:22 UTC (1633958422)
[    1.728350] BIOS EDD facility v0.16 2004-Jun-25, 0 devices found
[    1.730436] EDD information not available.
[    2.066270] Freeing unused kernel memory: 1492K
[    2.069489] Write protecting the kernel read-only data: 14336k
[    2.073876] Freeing unused kernel memory: 1584K
[    2.077780] Freeing unused kernel memory: 52K
Loading, please wait...
starting version 229
[    2.124973] random: systemd-udevd: uninitialized urandom read (16 bytes read, 3 bits of entropy available)
[    2.129120] random: udevadm: uninitialized urandom read (16 bytes read, 3 bits of entropy available)
[    2.129149] random: udevadm: uninitialized urandom read (16 bytes read, 3 bits of entropy available)
[    2.141288] random: systemd-udevd: uninitialized urandom read (16 bytes read, 3 bits of entropy available)
[    2.142456] random: udevadm: uninitialized urandom read (16 bytes read, 3 bits of entropy available)
[    2.142520] random: udevadm: uninitialized urandom read (16 bytes read, 3 bits of entropy available)
[    2.142873] random: udevadm: uninitialized urandom read (16 bytes read, 3 bits of entropy available)
[    2.142950] random: udevadm: uninitialized urandom read (16 bytes read, 3 bits of entropy available)
[    2.143023] random: udevadm: uninitialized urandom read (16 bytes read, 3 bits of entropy available)
[    2.143095] random: udevadm: uninitialized urandom read (16 bytes read, 3 bits of entropy available)
[    2.212183] Fusion MPT base driver 3.04.20
[    2.221819] Copyright (c) 1999-2008 LSI Corporation
[    2.227309] e1000: Intel(R) PRO/1000 Network Driver - version 7.3.21-k8-NAPI
[    2.230941] e1000: Copyright (c) 1999-2006 Intel Corporation.
[    2.248696] AVX2 version of gcm_enc/dec engaged.
[    2.266423] AES CTR mode by8 optimization enabled
[    2.278095] Fusion MPT SPI Host driver 3.04.20
[    2.437134] input: ImExPS/2 Generic Explorer Mouse as /devices/platform/i8042/serio1/input/input4
[    3.023518] e1000 0000:00:03.0 eth0: (PCI:33MHz:32-bit) 02:be:82:6b:cc:1d
[    3.026132] e1000 0000:00:03.0 eth0: Intel(R) PRO/1000 Network Connection
[    4.105146] e1000 0000:00:08.0 eth1: (PCI:33MHz:32-bit) 08:00:27:30:50:e4
[    4.112737] e1000 0000:00:08.0 eth1: Intel(R) PRO/1000 Network Connection
[    4.118089] mptbase: ioc0: Initiating bringup
[    4.118716] e1000 0000:00:08.0 enp0s8: renamed from eth1
[    4.142337] e1000 0000:00:03.0 enp0s3: renamed from eth0
[    4.294731] ioc0: LSI53C1030 A0: Capabilities={Initiator}
[    5.748965] scsi host2: ioc0: LSI53C1030 A0, FwRev=00000000h, Ports=1, MaxQ=256, IRQ=20
[    7.041592] scsi 2:0:0:0: Direct-Access     VBOX     HARDDISK         1.0  PQ: 0 ANSI: 5
[    7.044383] scsi target2:0:0: Beginning Domain Validation
[    7.047741] scsi target2:0:0: Domain Validation skipping write tests
[    7.049626] scsi target2:0:0: Ending Domain Validation
[    7.051129] scsi target2:0:0: asynchronous
[    7.053089] scsi 2:0:1:0: Direct-Access     VBOX     HARDDISK         1.0  PQ: 0 ANSI: 5
[    7.055402] scsi target2:0:1: Beginning Domain Validation
[    7.058435] scsi target2:0:1: Domain Validation skipping write tests
[    7.060163] scsi target2:0:1: Ending Domain Validation
[    7.061700] scsi target2:0:1: asynchronous
[    7.073147] sd 2:0:0:0: Attached scsi generic sg0 type 0
[    7.073647] sd 2:0:0:0: [sda] 83886080 512-byte logical blocks: (42.9 GB/40.0 GiB)
[    7.074232] sd 2:0:0:0: [sda] Write Protect is off
[    7.074534] sd 2:0:0:0: [sda] Incomplete mode parameter data
[    7.074535] sd 2:0:0:0: [sda] Assuming drive cache: write through
[    7.076700]  sda: sda1
[    7.078212] sd 2:0:0:0: [sda] Attached SCSI disk
[    7.087899] sd 2:0:1:0: Attached scsi generic sg1 type 0
[    7.088900] sd 2:0:1:0: [sdb] 20480 512-byte logical blocks: (10.5 MB/10.0 MiB)
[    7.089491] sd 2:0:1:0: [sdb] Write Protect is off
[    7.089793] sd 2:0:1:0: [sdb] Incomplete mode parameter data
[    7.089795] sd 2:0:1:0: [sdb] Assuming drive cache: write through
[    7.093674] sd 2:0:1:0: [sdb] Attached SCSI disk
Begin: Loading essential drivers ... [    8.425204] md: linear personality registered for level -1
[    8.430952] md: multipath personality registered for level -4
[    8.435689] md: raid0 personality registered for level 0
[    8.442413] md: raid1 personality registered for level 1
[    8.516631] raid6: sse2x1   gen()  9313 MB/s
[    8.584690] raid6: sse2x1   xor()  6850 MB/s
[    8.652648] raid6: sse2x2   gen() 11300 MB/s
[    8.720662] raid6: sse2x2   xor()  7602 MB/s
[    8.788689] raid6: sse2x4   gen() 13571 MB/s
[    8.856648] raid6: sse2x4   xor()  9471 MB/s
[    8.924644] raid6: avx2x1   gen() 18374 MB/s
[    8.992710] raid6: avx2x2   gen() 17434 MB/s
[    9.060672] raid6: avx2x4   gen() 12887 MB/s
[    9.062035] raid6: using algorithm avx2x1 gen() 18374 MB/s
[    9.063532] raid6: using avx2x2 recovery algorithm
[    9.066948] xor: automatically using best checksumming function:
[    9.104601]    avx       : 25502.000 MB/sec
[    9.107217] async_tx: api initialized (async)
[    9.121068] md: raid6 personality registered for level 6
[    9.122847] md: raid5 personality registered for level 5
[    9.124445] md: raid4 personality registered for level 4
[    9.134235] md: raid10 personality registered for level 10
done.
Begin: Running /scripts/init-premount ... done.
Begin: Mounting root file system ... Begin: Running /scripts/local-top ... done.
Begin: Running /scripts/local-premount ... [    9.167850] Btrfs loaded
Scanning for Btrfs filesystems
done.
Warning: fsck not present, so skipping root file system
[    9.199303] EXT4-fs (sda1): mounted filesystem with ordered data mode. Opts: (null)
done.
Begin: Running /scripts/local-bottom ... done.
Begin: Running /scripts/init-bottom ... done.
[    9.287792] systemd[1]: systemd 229 running in system mode. (+PAM +AUDIT +SELINUX +IMA +APPARMOR +SMACK +SYSVINIT +UTMP +LIBCRYPTSETUP +GCRYPT +GNUTLS +ACL +XZ -LZ4 +SECCOMP +BLKID +ELFUTILS +KMOD -IDN)
[    9.293078] systemd[1]: Detected virtualization oracle.
[    9.294544] systemd[1]: Detected architecture x86-64.

Welcome to [1mUbuntu 16.04.7 LTS[0m!

[    9.299861] systemd[1]: Set hostname to <ubuntu>.
[    9.303596] systemd[1]: Initializing machine ID from random generator.
[    9.305641] systemd[1]: Installed transient /etc/machine-id file.
[    9.741988] systemd[1]: Reached target User and Group Name Lookups.
[[0;32m  OK  [0m] Reached target User and Group Name Lookups.
[    9.745833] systemd[1]: Started Forward Password Requests to Wall Directory Watch.
[[0;32m  OK  [0m] Started Forward Password Requests to Wall Directory Watch.
[    9.750526] systemd[1]: Listening on udev Control Socket.
[[0;32m  OK  [0m] Listening on udev Control Socket.
[    9.753728] systemd[1]: Reached target Encrypted Volumes.
[[0;32m  OK  [0m] Reached target Encrypted Volumes.
[    9.757461] systemd[1]: Listening on LVM2 poll daemon socket.
[[0;32m  OK  [0m] Listening on LVM2 poll daemon socket.
[    9.760959] systemd[1]: Reached target Swap.
[[0;32m  OK  [0m] Reached target Swap.
[    9.763604] systemd[1]: Listening on Journal Socket (/dev/log).
[[0;32m  OK  [0m] Listening on Journal Socket (/dev/log).
[    9.766784] systemd[1]: Listening on Journal Socket.
[[0;32m  OK  [0m] Listening on Journal Socket.
[    9.769867] systemd[1]: Set up automount Arbitrary Executable File Formats File System Automount Point.
[[0;32m  OK  [0m] Set up automount Arbitrary Executab...ats File System Automount Point.
[    9.775269] systemd[1]: Listening on Syslog Socket.
[[0;32m  OK  [0m] Listening on Syslog Socket.
[    9.778868] systemd[1]: Listening on LVM2 metadata daemon socket.
[[0;32m  OK  [0m] Listening on LVM2 metadata daemon socket.
[    9.782246] systemd[1]: Reached target System Time Synchronized.
[[0;32m  OK  [0m] Reached target System Time Synchronized.
[    9.785496] systemd[1]: Started Trigger resolvconf update for networkd DNS.
[[0;32m  OK  [0m] Started Trigger resolvconf update for networkd DNS.
[    9.791454] systemd[1]: Listening on Device-mapper event daemon FIFOs.
[[0;32m  OK  [0m] Listening on Device-mapper event daemon FIFOs.
[    9.795786] systemd[1]: Created slice System Slice.
[[0;32m  OK  [0m] Created slice System Slice.
[    9.953538] systemd[1]: Starting Nameserver information manager...
         Starting Nameserver information manager...
[    9.965910] systemd[1]: Mounting Debug File System...
         Mounting Debug File System...
[    9.973432] systemd[1]: Starting Set console keymap...
         Starting Set console keymap...
[    9.997835] systemd[1]: Starting Uncomplicated firewall...
         Starting Uncomplicated firewall...
[   10.006304] systemd[1]: Starting Monitoring of LVM2 mirrors, snapshots etc. using dmeventd or progress polling...
         Starting Monitoring of LVM2 mirrors... dmeventd or progress polling...
[   10.025857] systemd[1]: Listening on Journal Audit Socket.
[[0;32m  OK  [0m] Listening on Journal Audit Socket.
[   10.031383] systemd[1]: Starting Create list of required static device nodes for the current kernel...
         Starting Create list of required st... nodes for the current kernel...
[   10.037811] systemd[1]: Listening on /dev/initctl Compatibility Named Pipe.
[[0;32m  OK  [0m] Listening on /dev/initctl Compatibility Named Pipe.
[   10.042612] systemd[1]: Listening on fsck to fsckd communication Socket.
[[0;32m  OK  [0m] Listening on fsck to fsckd communication Socket.
[   10.047164] systemd[1]: Starting File System Check on Root Device...
         Startin[   10.051478] systemd[1]: Created slice User and Session Slice.
g File System Check on Root Device...
[[0;32m  OK  [0m] Created slic[   10.054856] systemd[1]: Reached target Slices.
e User and Session Slice.
[[0;32m  OK  [0m] Reached target Slices.
[   10.058183] systemd[1]: Starting Journal Service...
         Starting Journal Service...
[   10.069996] systemd[1]: Mounting Huge Pages File System...
         Mounting Huge Pages File System...
[   10.082431] systemd[1]: Listening on udev Kernel Socket.
[[0;32m  OK  [0m] Listening on udev Kernel Socket.
[   10.088817] systemd[1]: Mounting POSIX Message Queue File System...
         Mounting POSIX Message Queue File System...
[   10.098477] systemd[1]: Created slice system-serial\x2dgetty.slice.
[[0;32m  OK  [0m] Created slice system-serial\x2dgetty.slice.
[   10.115793] systemd[1]: Starting Load Kernel Modules...
         Starting Load Kernel Modules...
[   10.133571] systemd[1]: Mounted Huge Pages File System.
[[0;32m  OK  [0m] Mounted Huge Pages File System.
[   10.142059] Loading iSCSI transport class v2.0-870.
[   10.145562] systemd[1]: Mounted POSIX Message Queue File System.
[[0;32m  OK  [0m] Mounted POSIX Message Queue File System.
[   10.153567] systemd[1]: Mounted Debug File System.
[[0;32m  OK  [0m] Mounted Debug File System.
[   10.161194] systemd[1]: Started Journal Service.
[[0;32m  OK  [0m] Started Journal Service.
[   10.171645] iscsi: registered transport (tcp)
[[0;32m  OK  [0m] Started Set console keymap.
[[0;32m  OK  [0m] Started Uncomplicated firewall.
[[0;32m  OK  [0m] Started Create list of required sta...ce nodes for the current kernel.
[[0;32m  OK  [0m] Started File System Check on Root Device.
[[0;32m  OK  [0m] Started Nameserver information manager.
[   10.212759] random: nonblocking pool is initialized
[[0;32m  OK  [0m] Started File System Check Daemon to report status.
[[0;32m  OK  [0m] Started LVM2 metadata daemon.
         Starting Remount Root and Kernel File Systems...
         Starting Create Static Device Nodes in /dev...
[   10.256990] EXT4-fs (sda1): re-mounted. Opts: (null)
[   10.266462] iscsi: registered transport (iser)
[[0;32m  OK  [0m] Started Remount Root and Kernel File Systems.
[[0;32m  OK  [0m] Started Load Kernel Modules.
[[0;32m  OK  [0m] Started Create Static Device Nodes in /dev.
         Starting udev Kernel Device Manager...
         Mounting FUSE Control File System...
         Starting Apply Kernel Variables...
         Starting Flush Journal to Persistent Storage...
         Starting udev Coldplug all Devices...
         Starting Load/Save Random Seed...
[[0;32m  OK  [0m] Mounted FUSE Control File System.
[[0;32m  OK  [0m] Started Apply Kernel Variables.
[[0;32m  OK  [0m] Started Load/Save Random Seed.
[[0;32m  OK  [0m] Started Flush Journal to Persistent Storage.
[[0;32m  OK  [0m] Started udev Kernel Device Manager.
[[0;32m  OK  [0m] Started udev Coldplug all Devices.
[[0;32m  OK  [0m] Started Dispatch Password Requests to Console Directory Watch.
[[0;32m  OK  [0m] Found device /dev/ttyS0.
[[0;32m  OK  [0m] Listening on Load/Save RF Kill Switch Status /dev/rfkill Watch.
[[0;32m  OK  [0m] Started Monitoring of LVM2 mirrors,...ng dmeventd or progress polling.
[[0;32m  OK  [0m] Reached target Local File Systems (Pre).
[[0;32m  OK  [0m] Reached target Local File Systems.
         Starting Set console font and keymap...
         Starting LSB: AppArmor initialization...
         Starting Initial cloud-init job (pre-networking)...
         Starting Create Volatile Files and Directories...
         Starting Tell Plymouth To Write Out Runtime Data...
         Starting Commit a transient machine-id on disk...
[[0;32m  OK  [0m] Started Create Volatile Files and Directories.
[[0;32m  OK  [0m] Started Tell Plymouth To Write Out Runtime Data.
         Starting Update UTMP about System Boot/Shutdown...
[[0;32m  OK  [0m] Started Update UTMP about System Boot/Shutdown.
[[0;32m  OK  [0m] Started Set console font and keymap.
[[0;32m  OK  [0m] Created slice system-getty.slice.
[[0;32m  OK  [0m] Started Commit a transient machine-id on disk.
[[0;32m  OK  [0m] Started LSB: AppArmor initialization.
         Starting Load AppArmor profiles managed internally by snapd...
[[0;32m  OK  [0m] Started Load AppArmor profiles managed internally by snapd.
[   12.107674] cloud-init[675]: Cloud-init v. 21.1-19-gbad84ad4-0ubuntu1~16.04.2 running 'init-local' at Mon, 11 Oct 2021 13:20:32 +0000. Up 11.61 seconds.
[[0;32m  OK  [0m] Started Initial cloud-init job (pre-networking).
[[0;32m  OK  [0m] Reached target Network (Pre).
         Starting Raise network interfaces...
[[0;32m  OK  [0m] Started Raise network interfaces.
         Starting Initial cloud-init job (metadata service crawler)...
[[0;32m  OK  [0m] Reached target Network.
[   13.964165] cloud-init[987]: Cloud-init v. 21.1-19-gbad84ad4-0ubuntu1~16.04.2 running 'init' at Mon, 11 Oct 2021 13:20:34 +0000. Up 13.25 seconds.
[   13.969215] cloud-init[987]: ci-info: ++++++++++++++++++++++++++++++++++++++Net device info+++++++++++++++++++++++++++++++++++++++
[   13.977919] cloud-init[987]: ci-info: +--------+-------+----------------------------+---------------+--------+-------------------+
[   13.982553] cloud-init[987]: ci-info: | Device |   Up  |          Address           |      Mask     | Scope  |     Hw-Address    |
[   13.986320] cloud-init[987]: ci-info: +--------+-------+----------------------------+---------------+--------+-------------------+
[   13.993943] cloud-init[987]: ci-info: | enp0s3 |  True |         10.0.2.15          | 255.255.255.0 | global | 02:be:82:6b:cc:1d |
[   13.999653] cloud-init[987]: ci-info: | enp0s3 |  True | fe80::be:82ff:fe6b:cc1d/64 |       .       |  link  | 02:be:82:6b:cc:1d |
[   14.003484] cloud-init[987]: ci-info: | enp0s8 | False |             .              |       .       |   .    | 08:00:27:30:50:e4 |
[   14.007452] cloud-init[987]: ci-info: |   lo   |  True |         127.0.0.1          |   255.0.0.0   |  host  |         .         |
[   14.012742] cloud-init[987]: ci-info: |   lo   |  True |          ::1/128           |       .       |  host  |         .         |
[   14.016622] cloud-init[987]: ci-info: +--------+-------+----------------------------+---------------+--------+-------------------+
[   14.020773] cloud-init[987]: ci-info: +++++++++++++++++++++++++++Route IPv4 info++++++++++++++++++++++++++++
[   14.025266] cloud-init[987]: ci-info: +-------+-------------+----------+---------------+-----------+-------+
[   14.029562] cloud-init[987]: ci-info: | Route | Destination | Gateway  |    Genmask    | Interface | Flags |
[   14.034157] cloud-init[987]: ci-info: +-------+-------------+----------+---------------+-----------+-------+
[   14.038667] cloud-init[987]: ci-info: |   0   |   0.0.0.0   | 10.0.2.2 |    0.0.0.0    |   enp0s3  |   UG  |
[   14.042872] cloud-init[987]: ci-info: |   1   |   10.0.2.0  | 0.0.0.0  | 255.255.255.0 |   enp0s3  |   U   |
[   14.047241] cloud-init[987]: ci-info: +-------+-------------+----------+---------------+-----------+-------+
[   14.051728] cloud-init[987]: ci-info: +++++++++++++++++++Route IPv6 info+++++++++++++++++++
[   14.055544] cloud-init[987]: ci-info: +-------+-------------+---------+-----------+-------+
[   14.071647] cloud-init[987]: ci-info: | Route | Destination | Gateway | Interface | Flags |
[   14.074037] cloud-init[987]: ci-info: +-------+-------------+---------+-----------+-------+
[   14.076662] cloud-init[987]: ci-info: |   0   |  fe80::/64  |    ::   |   enp0s3  |   U   |
[   14.078979] cloud-init[987]: ci-info: |   3   |   ff00::/8  |    ::   |   enp0s3  |   U   |
[   14.082194] cloud-init[987]: ci-info: +-------+-------------+---------+-----------+-------+
[   14.096620] cloud-init[987]: Generating public/private rsa key pair.
[   14.098526] cloud-init[987]: Your identification has been saved in /etc/ssh/ssh_host_rsa_key.
[   14.100690] cloud-init[987]: Your public key has been saved in /etc/ssh/ssh_host_rsa_key.pub.
[   14.103325] cloud-init[987]: The key fingerprint is:
[   14.106026] cloud-init[987]: SHA256:2vQXm5qSWSqX3l+3Adve1qiNJxoYCVND2h1ItIdQQCQ root@ubuntu-xenial
[   14.110793] cloud-init[987]: The key's randomart image is:
[   14.112854] cloud-init[987]: +---[RSA 2048]----+
[   14.120760] cloud-init[987]: |    Eo=*B..      |
[   14.122341] cloud-init[987]: |     . =.= .     |
[   14.128667] cloud-init[987]: |      + + o      |
[   14.129897] cloud-init[987]: |       o o       |
[   14.136627] [cloud-init[0;32m  OK  [0m[987]: ] |        S   ..   |Started Initial cloud-init job (metadata service crawler).

[[   14.136825] [0;32m  OK  [0mcloud-init] Reached target Cloud-config availability.[987]: 
|       + +.  ++  |
[[0;32m  OK  [0m] Reached target Network is Online.
[   14.151948] cloud-init[987]: |      . o*o +..+o|
[   14.155710] cloud-init[987]: |      . B. =.++.*|
         Starting iSCSI initiator daemon (iscsid)...
[   14.165092] [cloud-init[987]: [0;32m  OK  [0m|       +..=o++.+.|] Reached target System Initialization.

[[   14.173403] [0;32m  OK  [0mcloud-init] Listening on UUID daemon activation socket.[987]: 
+----[SHA256]-----+
[   14.177542] [cloud-init[0;32m  OK  [0m[987]: ] Generating public/private dsa key pair.Listening on ACPID Listen Socket.

[[   14.177837] [0;32m  OK  [0mcloud-init] Started Daily apt download activities.[987]: 
Your identification has been saved in /etc/ssh/ssh_host_dsa_key.
[[0;32m  OK  [0m] Listening on D-Bus System Message Bus Socket.
[   14.187101] cloud-init[987]: Your public key has been saved in /etc/ssh/ssh_host_dsa_key.pub.
[   14.190867] cloud-init         Starting LXD - unix socket.[987]: 
The key fingerprint is:
[   14.192956] [cloud-init[0;32m  OK  [0m[987]: ] SHA256:ckGOtZR8vpXrhlMPGFL2VQYawRBK1/+XF19afus+G3I root@ubuntu-xenialStarted Ubuntu Advantage update messaging.

[   14.193267] cloud-init[987]: The key's randomart image is:
[   14.197959] [cloud-init[0;32m  OK  [0m[987]: ] +---[DSA 1024]----+Started ACPI Events Check.

[[   14.198221] [0;32m  OK  [0mcloud-init] [987]: Reached target Paths.|       .=.+=o..oo|

[   14.211170] [cloud-init[0;32m  OK  [0m[987]: ] |       Bo++ oo.. |Started Daily apt upgrade and clean activities.

         Starting Socket activation for snappy daemon.
[   14.211494] cloud-init[987]: |      . == ..+   |
[   14.225005] cloud-init[987]: |        ..o + ..o|
[[0;32m  OK  [0m] Started Message of the Day.
[[   14.225311] [0;32m  OK  [0mcloud-init] Started Daily Cleanup of Temporary Directories.[987]: 
|      . S. = . ==|
[   14.237167] [cloud-init[0;32m  OK  [0m] [987]: Reached target Timers.|       o  o + ..B|

[   14.249462] cloud-init[987]: |           + + E=|
[   14.256802] [cloud-init[0;32m  OK  [0m[987]: ] |          o o +o.|Listening on LXD - unix socket.

[   14.257318] cloud-init[987]: |           o  o+o|
[   14.261636] [cloud-init[0;32m  OK  [0m[987]: ] +----[SHA256]-----+Listening on Socket activation for snappy daemon.

[   14.261851] cloud-init[987]: Generating public/private ecdsa key pair.
[   14.264784] [cloud-init[0;32m  OK  [0m[987]: ] Your identification has been saved in /etc/ssh/ssh_host_ecdsa_key.Started iSCSI initiator daemon (iscsid).

[   14.265100] cloud-init         [987]: Starting Login to default iSCSI targets...Your public key has been saved in /etc/ssh/ssh_host_ecdsa_key.pub.

[   14.276708] [cloud-init[0;32m  OK  [0m[987]: ] The key fingerprint is:Reached target Sockets.

[[   14.277043] [0;32m  OK  [0mcloud-init] [987]: Reached target Basic System.SHA256:lohhJsNvl/VjEMx4zqx5yWzLTMQFYUelJyctRqeXUQo root@ubuntu-xenial

[   14.281457]          cloud-initStarting Login Service...[987]: 
The key's randomart image is:
[   14.285083] cloud-init[987]: +---[ECDSA 256]---+
         Starting LSB: MD monitoring daemon...
[   14.285474] cloud-init[987]: |       +=+E.+..  |
[[0;32m  OK  [0m] Started FUSE filesystem for LXC.
[   14.300241] cloud-init[987]: | .    ..++.* +   |
         Starting Pollinate to seed the pseudo random number generator...
[   14.309814] cloud-init[987]: |  + +  *o.B B    |
         Starting Accounts Service...
[[0;32m  OK  [0m] Started Deferred execution scheduler.
[   14.323152] cloud-init[987]: |   * o +*= B     |
[   14.344942]          Starting System Logging Service...
cloud-init[987]: |    + +*S.+      |
[   14.351548] cloud-init[987]: |   . .o.B. .     |
         Starting /etc/rc.local Compatibility...
[   14.351800] cloud-init[987]: |       * .       |
[   14.369830] cloud-init[987]: |        +        |
[[0;32m  OK  [0m] Started Regular background program processing daemon.
[   14.370948]          Starting Snap Daemon...
         Starting Virtualbox guest utils...
cloud-init[987]: |                 |
[[0;32m  OK  [0m] Started ACPI event daemon.
[   14.385561] cloud-init[987]: +----[SHA256]-----+
[   14.407109] [cloud-init[0;32m  OK  [0m[987]: ] Generating public/private ed25519 key pair.Started D-Bus System Message Bus.

[   14.416548] cloud-init[987]: Your identification has been saved in /etc/ssh/ssh_host_ed25519_key.
[   14.427529] cloud-init[987]: Your public key has been saved in /etc/ssh/ssh_host_ed25519_key.pub.
[   14.440616] cloud-init[987]: The key fingerprint is:
[   14.446522] cloud-init[987]: SHA256:I/5V/NQUDmPeT4PUl7RJdniUyfMS+azkBaTojZFQrLM root@ubuntu-xenial
[   14.459564] cloud-init[987]: The key's randomart image is:
[   14.482735] cloud-init[987]: +--[ED25519 256]--+
[   14.489999] cloud-init[987]: |        .o.  *=O*|
[   14.517856] cloud-init[987]: |         ..o+.&BB|
         Starting LSB: Record successful boot for GRUB...
[   14.567818] cloud-init[987]: |         .+ .o %*|
         Starting LXD - container startup/shutdown...
[   14.601961] cloud-init[987]: |        o. =  o+B|
[[   14.621803] [0;32m  OK  [0mcloud-init] [987]: Started System Logging Service.|      . Soo +o.+o|

[   14.633149] cloud-init[987]: |     . .E. . oo  |
[[0;32m  OK  [0m] Started /etc/rc.local Compatibility.
[   14.633529] cloud-init[987]: |      .   .   .  |
[   14.638725] cloud-init[987]: |       . .       |
[   14.653624] cloud-init[987]: |        .        |
[   14.697551] cloud-init[987]: +----[SHA256]-----+
[[0;32m  OK  [0m] Started Login Service.
[[0;32m  OK  [0m] Started Unattended Upgrades Shutdown.
         Starting Authenticate and Authorize Users to Run Privileged Tasks...
[[0;32m  OK  [0m] Started LSB: MD monitoring daemon.
[[0;32m  OK  [0m] Started LSB: Record successful boot for GRUB.
[[0;32m  OK  [0m] Started Login to default iSCSI targets.
[[0;32m  OK  [0m] Reached target Remote File Systems (Pre).
[[0;32m  OK  [0m] Reached target Remote File Systems.
         Starting LSB: Set the CPU Frequency Scaling governor to "ondemand"...
         Starting LSB: daemon to balance interrupts for SMP systems...
         Starting Permit User Sessions...
         Starting LSB: automatic crash report generation...
[[0;32m  OK  [0m] Started Permit User Sessions.
[[0;32m  OK  [0m] Started Authenticate and Authorize Users to Run Privileged Tasks.
[[0;32m  OK  [0m] Started Virtualbox guest utils.
[[0;32m  OK  [0m] Started Accounts Service.
[[0;32m  OK  [0m] Started LXD - container startup/shutdown.
[[0;32m  OK  [0m] Started LSB: Set the CPU Frequency Scaling governor to "ondemand".
         Starting Terminate Plymouth Boot Screen...
         Starting Hold until boot process finishes up...
[[0;32m  OK  [0m] Started LSB: daemon to balance interrupts for SMP systems.
[[0;32m  OK  [0m] Started LSB: automatic crash report generation.
[[0;32m  OK  [0m] Started Terminate Plymouth Boot Screen.
[[0;32m  OK  [0m] Started Hold until boot process finishes up.
         Starting Set console scheme...
[[0;32m  OK  [0m] Started Serial Getty on ttyS0.
[[0;32m  OK  [0m] Started Getty on tty1.
[[0;32m  OK  [0m] Reached target Login Prompts.
[[0;32m  OK  [0m] Started Set console scheme.
[[0;32m  OK  [0m] Started Snap Daemon.
         Starting Wait until snapd is fully seeded...
[[0;32m  OK  [0m] Started Pollinate to seed the pseudo random number generator.
         Starting OpenBSD Secure Shell server...
[[0;32m  OK  [0m] Started OpenBSD Secure Shell server.
[[0;32m  OK  [0m] Started Wait until snapd is fully seeded.
         Starting Apply the settings specified in cloud-config...
[[0;32m  OK  [0m] Reached target Multi-User System.
[[0;32m  OK  [0m] Reached target Graphical Interface.
         Starting Update UTMP about System Runlevel Changes...
[[0;32m  OK  [0m] Started Update UTMP about System Runlevel Changes.
[   16.097140] cloud-init[1329]: Generating locales (this might take a while)...
[   17.054351] cloud-init[1329]:   en_US.UTF-8... done
[   17.064826] cloud-init[1329]: Generation complete.
[   17.446715] cloud-init[1329]: Cloud-init v. 21.1-19-gbad84ad4-0ubuntu1~16.04.2 running 'modules:config' at Mon, 11 Oct 2021 13:20:37 +0000. Up 15.97 seconds.
[[0;32m  OK  [0m] Started Apply the settings specified in cloud-config.
         Starting Execute cloud user/final scripts...
ci-info: no authorized SSH keys fingerprints found for user ubuntu.
<14>Oct 11 13:20:39 ec2: 
<14>Oct 11 13:20:39 ec2: #############################################################
<14>Oct 11 13:20:39 ec2: -----BEGIN SSH HOST KEY FINGERPRINTS-----
<14>Oct 11 13:20:39 ec2: 1024 SHA256:ckGOtZR8vpXrhlMPGFL2VQYawRBK1/+XF19afus+G3I root@ubuntu-xenial (DSA)
<14>Oct 11 13:20:39 ec2: 256 SHA256:lohhJsNvl/VjEMx4zqx5yWzLTMQFYUelJyctRqeXUQo root@ubuntu-xenial (ECDSA)
<14>Oct 11 13:20:39 ec2: 256 SHA256:I/5V/NQUDmPeT4PUl7RJdniUyfMS+azkBaTojZFQrLM root@ubuntu-xenial (ED25519)
<14>Oct 11 13:20:39 ec2: 2048 SHA256:2vQXm5qSWSqX3l+3Adve1qiNJxoYCVND2h1ItIdQQCQ root@ubuntu-xenial (RSA)
<14>Oct 11 13:20:39 ec2: -----END SSH HOST KEY FINGERPRINTS-----
<14>Oct 11 13:20:39 ec2: #############################################################
-----BEGIN SSH HOST KEY KEYS-----
ecdsa-sha2-nistp256 AAAAE2VjZHNhLXNoYTItbmlzdHAyNTYAAAAIbmlzdHAyNTYAAABBBKvFditK4861lC7SX6WcG3VhfE0gq1OJQaeq6A46rLaHWUlAPj80Szenncb8qBTeQiTRAbel+3w3Mh8JVf+ed0Y= root@ubuntu-xenial
ssh-ed25519 AAAAC3NzaC1lZDI1NTE5AAAAIH3BspFXxk/Q1V6B9Joq0VUJoorahR+pUC4iaOGo6IJv root@ubuntu-xenial
ssh-rsa AAAAB3NzaC1yc2EAAAADAQABAAABAQDj7HXTGAZ6qsI/He8fvQKhkxrC/HKZnU13XWJS8hOTzvpeKQqW9cj2YLMPlfCQ3DRoNR7BRwv2H9takV7WDdTLJT1eYIOiEAR0uT2sqSZgDxLoeIStQ7yMIorpRnrZvTEABVsOoYfKxhrbyKMvcDRWGpe0bVN1Nd7o1sUZ65sTHxfwJ2h6DPnWG7fi0pWWbWuwzvFwaqsTMwG8cZoIry/MQxb95bnt8GG6bg2h1tyVwQ+cG9HqiWIMpModbsnTnxSMX+bsK8EP0iPrtomK75lIxI+k7egoacEja50Ioyr44p7NN8+A+Jv3hQ3f9hIE/fOT5LBi9zscsLEzjSuGVX/l root@ubuntu-xenial
-----END SSH HOST KEY KEYS-----
[   18.383152] cloud-init[1373]: Cloud-init v. 21.1-19-gbad84ad4-0ubuntu1~16.04.2 running 'modules:final' at Mon, 11 Oct 2021 13:20:39 +0000. Up 18.14 seconds.
[   18.393904] cloud-init[1373]: ci-info: no authorized SSH keys fingerprints found for user ubuntu.
[   18.408998] cloud-init[1373]: Cloud-init v. 21.1-19-gbad84ad4-0ubuntu1~16.04.2 finished at Mon, 11 Oct 2021 13:20:39 +0000. Datasource DataSourceNoCloud [seed=/dev/sdb][dsmode=net].  Up 18.34 seconds
[[0;32m  OK  [0m] Started Execute cloud user/final scripts.
[[0;32m  OK  [0m] Reached target Cloud-init target.

Ubuntu 16.04.7 LTS ubuntu-xenial ttyS0

ubuntu-xenial login: 